
> ufo@0.1.0 ingest /Users/robert/Code/ufo
> tsx scripts/ingest.ts /Users/robert/Downloads/war-ufo-documents/release_01_full/files --doc-concurrency=4 --page-concurrency=12 --tag=release-01

◇ injected env (22) from .env.local // tip: ◈ encrypted .env [www.dotenvx.com]
◇ injected env (0) from .env // tip: ⌘ enable debugging { debug: true }

→ 119 PDFs in /Users/robert/Downloads/war-ufo-documents/release_01_full/files, doc-concurrency=4, page-concurrency=12

[w3] resuming ingest for 334bd589-c830-412b-a3e7-95e71c4dfe5a (was extracting)
[w4] resuming ingest for f31c6cfe-09d9-458e-9595-aec76bad23b6 (was extracting)
[w3] 003_65_HS1-834228961_62-HQ-83894_Section_3.pdf — 190 pages, sha=1a9e2145
[w4] 004_65_HS1-834228961_62-HQ-83894_Section_4.pdf — 214 pages, sha=1ddb6ef9
[w1] resuming ingest for dbd59ee8-7e6e-4944-b71f-5a276fb7f0eb (was extracting)
[w2] resuming ingest for c10c8028-5123-4b57-82a2-ba37755f375d (was extracting)
[w1] 001_65_HS1-834228961_62-HQ-83894_Section_10.pdf — 184 pages, sha=06f96d67
[w2] 002_65_HS1-834228961_62-HQ-83894_Section_2.pdf — 194 pages, sha=e196678a
[w3]   ✓ p7 — cover-page, UNKNOWN, 0 claims
[w3]   ✓ p1 — cover-page, DECLASSIFIED, 0 claims
[w3]   ✓ p4 — letter, CONFIDENTIAL, 8 claims
[w3]   ✓ p2 — memo, UNCLASSIFIED, 4 claims
[w3]   ✓ p6 — memo, SECRET, 3 claims
[w4]   ✓ p8 — other, UNKNOWN, 0 claims
[w4]   ✓ p3 — memo, UNCLASSIFIED, 6 claims
[w4]   ✓ p6 — memo, UNKNOWN, 2 claims
[w1]   ✓ p6 — other, UNKNOWN, 1 claims
[w4]   ✓ p7 — memo, UNKNOWN, 5 claims
[w1]   ✓ p7 — cover-page, UNKNOWN, 0 claims
[w1]   ✓ p1 — cover-page, UNCLASSIFIED, 0 claims
[w4]   ✓ p4 — report, UNKNOWN, 7 claims
[w3]   ✓ p5 — memo, UNKNOWN, 1 claims
[w3]   ✓ p8 — memo, CONFIDENTIAL, 1 claims
[w2]   ✓ p7 — letter, UNKNOWN, 7 claims
[w1]   ✓ p5 — letter, UNCLASSIFIED, 8 claims
[w1]   ✓ p4 — letter, UNCLASSIFIED, 6 claims
[w4]   ✓ p5 — memo, UNKNOWN, 5 claims
[w3]   ✓ p3 — memo, CONFIDENTIAL, 5 claims
[w2]   ✓ p3 — memo, UNKNOWN, 4 claims
[w2]   ✓ p6 — report, UNKNOWN, 6 claims
[w2]   ✓ p1 — cover-page, UNCLASSIFIED, 0 claims
[w1]   ✓ p2 — letter, UNKNOWN, 2 claims
[w4]   ✓ p1 — cover-page, UNCLASSIFIED, 0 claims
[w2]   ✓ p2 — memo, UNCLASSIFIED, 4 claims
[w2]   ✓ p8 — memo, UNKNOWN, 7 claims
[w2]   ✓ p4 — memo, UNCLASSIFIED, 17 claims
[w4]   ✓ p13 — letter, UNKNOWN, 2 claims
[w3]   ✓ p9 — memo, CONFIDENTIAL, 1 claims
[w4]   ✓ p2 — memo, UNKNOWN, 9 claims
[w4]   ✓ p9 — letter, UNKNOWN, 2 claims
[w4]   ✓ p10 — other, UNKNOWN, 0 claims
[w4]   ✓ p12 — letter, UNKNOWN, 4 claims
[w4]   ✓ p11 — other, UNKNOWN, 5 claims
[w3]   ✓ p16 — report, CONFIDENTIAL, 12 claims
[w4]   ✓ p16 — letter, UNCLASSIFIED, 1 claims
[w3]   ✓ p13 — report, CONFIDENTIAL, 7 claims
[w4]   ✓ p15 — letter, UNKNOWN, 5 claims
[w1]   ✓ p8 — other, UNCLASSIFIED, 3 claims
[w1]   ✓ p16 — other, UNKNOWN, 2 claims
[w3]   ✓ p10 — report, CONFIDENTIAL, 6 claims
[w3]   ✓ p15 — report, CONFIDENTIAL, 11 claims
[w3]   ✓ p19 — letter, CONFIDENTIAL, 2 claims
[w2]   ✓ p12 — memo, UNCLASSIFIED, 2 claims
[w3]   ✓ p11 — report, CONFIDENTIAL, 9 claims
[w3]   ✓ p21 — photograph, UNKNOWN, 0 claims
[w3]   ✓ p12 — report, CONFIDENTIAL, 5 claims
[w3]   ✓ p20 — photograph, CONFIDENTIAL, 0 claims
[w2]   ✓ p15 — memo, UNCLASSIFIED, 4 claims
[w2]   ✓ p13 — memo, UNKNOWN, 2 claims
[w3]   ✓ p23 — photograph, CONFIDENTIAL, 0 claims
[w2]   ✓ p11 — other, UNKNOWN, 0 claims
[w4]   ✓ p14 — letter, UNCLASSIFIED, 2 claims
[w3]   ✓ p24 — photograph, CONFIDENTIAL, 0 claims
[w3]   ✓ p14 — report, CONFIDENTIAL, 6 claims
[w3]   ✓ p17 — report, CONFIDENTIAL, 5 claims
[w3]   ✓ p22 — photograph, CONFIDENTIAL, 0 claims
[w4]   ✓ p23 — letter, UNKNOWN, 1 claims
[w2]   ✓ p10 — memo, UNKNOWN, 7 claims
[w4]   ✓ p19 — letter, UNKNOWN, 2 claims
[w2]   ✓ p14 — memo, UNKNOWN, 11 claims
[w4]   ✓ p21 — letter, UNCLASSIFIED, 3 claims
[w1]   ✓ p17 — other, UNKNOWN, 0 claims
[w4]   ✓ p24 — letter, UNKNOWN, 6 claims
[w3]   ✓ p18 — letter, CONFIDENTIAL, 3 claims
[w4]   ✓ p17 — letter, UNKNOWN, 2 claims
[w4]   ✓ p22 — letter, UNKNOWN, 4 claims
[w4]   ✓ p18 — letter, UNCLASSIFIED, 3 claims
[w4]   ✓ p29 — letter, UNCLASSIFIED, 3 claims
[w1]   ✓ p19 — memo, UNCLASSIFIED, 6 claims
[w1]   ✓ p20 — letter, UNCLASSIFIED, 2 claims
[w4]   ✓ p32 — letter, UNKNOWN, 2 claims
[w4]   ✓ p31 — transcript, UNKNOWN, 6 claims
[w3]   ✓ p25 — photograph, CONFIDENTIAL, 0 claims
[w3]   ✓ p28 — memo, UNKNOWN, 6 claims
[w4]   ✓ p20 — letter, UNKNOWN, 3 claims
[w4]   ✓ p30 — letter, UNKNOWN, 4 claims
[w1]   ✓ p22 — letter, UNKNOWN, 4 claims
[w1]   ✓ p18 — memo, UNCLASSIFIED, 8 claims
[w1]   ✓ p23 — other, UNKNOWN, 0 claims
[w1]   ✓ p15 — other, UNKNOWN, 0 claims
[w1]   ✓ p24 — other, UNKNOWN, 0 claims
[w4]   ✓ p26 — letter, UNKNOWN, 5 claims
[w3]   ✓ p29 — memo, UNCLASSIFIED, 5 claims
[w4]   ✓ p25 — letter, UNKNOWN, 3 claims
[w1]   ✓ p12 — other, UNCLASSIFIED, 0 claims
[w4]   ✓ p28 — letter, UNCLASSIFIED, 3 claims
[w3]   ✓ p31 — memo, UNCLASSIFIED, 7 claims
[w3]   ✓ p26 — memo, UNCLASSIFIED, 7 claims
[w4]   ✓ p33 — letter, UNCLASSIFIED, 1 claims
[w2]   ✓ p19 — memo, UNCLASSIFIED, 3 claims
[w1]   ✓ p26 — memo, UNKNOWN, 0 claims
[w4]   ✓ p39 — memo, UNCLASSIFIED, 4 claims
[w1]   ✓ p21 — letter, UNCLASSIFIED, 3 claims
[w4]   ✓ p36 — letter, UNCLASSIFIED, 5 claims
[w2]   ✓ p24 — memo, UNCLASSIFIED, 7 claims
[w2]   ✓ p21 — report, UNKNOWN, 5 claims
[w4]   ✓ p38 — memo, UNKNOWN, 3 claims
[w1]   ✓ p14 — other, UNKNOWN, 0 claims
[w4]   ✓ p27 — letter, UNKNOWN, 5 claims
[w1]   ✓ p28 — memo, UNKNOWN, 4 claims
[w4]   ✓ p35 — memo, CONFIDENTIAL, 4 claims
[w1]   ✓ p10 — other, UNKNOWN, 10 claims
[w2]   ✓ p20 — memo, UNKNOWN, 1 claims
[w4]   ✓ p37 — memo, CONFIDENTIAL, 9 claims
[w1]   ✓ p11 — report, UNKNOWN, 9 claims
[w3]   ✓ p36 — report, UNKNOWN, 6 claims
[w1]   ✓ p9 — other, UNCLASSIFIED, 8 claims
[w2]   ✗ p5: No object generated: could not parse the response.
[w4]   ✓ p47 — transcript, UNKNOWN, 6 claims
[w3]   ✓ p35 — memo, UNKNOWN, 7 claims
[w2]   ✓ p25 — cover-page, UNKNOWN, 0 claims
[w2]   ✓ p17 — memo, UNKNOWN, 6 claims
[w1]   ✓ p25 — memo, UNKNOWN, 5 claims
[w3]   ✓ p37 — report, UNKNOWN, 15 claims
[w4]   ✓ p43 — memo, UNKNOWN, 3 claims
[w3]   ✓ p33 — report, UNKNOWN, 14 claims
[w2]   ✓ p29 — letter, UNKNOWN, 1 claims
[w2]   ✓ p30 — other, UNKNOWN, 0 claims
[w4]   ✓ p44 — memo, UNKNOWN, 0 claims
[w3]   ✓ p34 — report, UNKNOWN, 6 claims
[w1]   ✓ p32 — memo, UNKNOWN, 6 claims
[w2]   ✓ p31 — letter, UNCLASSIFIED, 3 claims
[w4]   ✓ p45 — letter, UNCLASSIFIED, 2 claims
[w4]   ✓ p46 — letter, UNKNOWN, 10 claims
[w2]   ✓ p18 — memo, UNKNOWN, 6 claims
[w1]   ✓ p31 — memo, UNKNOWN, 8 claims
[w1]   ✓ p37 — letter, UNCLASSIFIED, 4 claims
[w4]   ✓ p48 — letter, UNCLASSIFIED, 2 claims
[w4]   ✓ p41 — memo, UNKNOWN, 6 claims
[w1]   ✓ p30 — other, UNCLASSIFIED, 7 claims
[w2]   ✓ p28 — memo, UNKNOWN, 5 claims
[w1]   ✗ p3: No object generated: could not parse the response.
[w3]   ✓ p39 — report, UNKNOWN, 5 claims
[w3]   ✓ p41 — report, UNKNOWN, 8 claims
[w1]   ✓ p27 — report, UNKNOWN, 7 claims
[w3]   ✓ p38 — report, UNKNOWN, 10 claims
[w1]   ✓ p36 — other, UNKNOWN, 2 claims
[w2]   ✓ p26 — memo, UNKNOWN, 4 claims
[w1]   ✓ p35 — letter, UNCLASSIFIED, 4 claims
[w3]   ✓ p40 — report, UNKNOWN, 6 claims
[w1]   ✓ p29 — other, UNCLASSIFIED, 12 claims
[w2]   ✓ p32 — other, UNKNOWN, 0 claims
[w2]   ✓ p34 — letter, UNKNOWN, 2 claims
[w2]   ✓ p37 — form, UNKNOWN, 0 claims
[w2]   ✓ p36 — form, UNKNOWN, 1 claims
[w3]   ✓ p42 — report, UNCLASSIFIED, 8 claims
[w1]   ✓ p33 — letter, UNKNOWN, 3 claims
[w2]   ✓ p35 — other, UNKNOWN, 0 claims
[w1]   ✓ p13 — photograph, UNCLASSIFIED, 2 claims
[w4]   ✓ p52 — letter, UNKNOWN, 2 claims
[w2]   ✓ p33 — letter, UNCLASSIFIED, 3 claims
[w1]   ✓ p40 — cover-page, UNKNOWN, 0 claims
[w2]   ✓ p38 — form, UNKNOWN, 1 claims
[w1]   ✓ p38 — memo, UNKNOWN, 5 claims
[w4]   ✓ p56 — letter, CONFIDENTIAL, 5 claims
[w3]   ✓ p45 — report, UNKNOWN, 7 claims
[w4]   ✓ p54 — letter, UNCLASSIFIED, 2 claims
[w2]   ✗ p16: No object generated: the model did not return a response.
[w2]   ✗ p9: No object generated: could not parse the response.
[w1]   ✓ p47 — other, UNKNOWN, 0 claims
[w4]   ✓ p55 — blank, UNKNOWN, 0 claims
[w3]   ✓ p50 — cover-page, UNKNOWN, 0 claims
[w1]   ✓ p45 — letter, UNKNOWN, 6 claims
[w1]   ✓ p46 — letter, UNKNOWN, 6 claims
[w1]   ✓ p39 — letter, UNCLASSIFIED, 3 claims
[w3]   ✓ p43 — report, UNKNOWN, 7 claims
[w1]   ✓ p48 — blank, UNKNOWN, 0 claims
[w3]   ✓ p44 — report, UNKNOWN, 8 claims
[w2]   ✓ p42 — other, UNCLASSIFIED, 2 claims
[w3]   ✓ p49 — memo, UNKNOWN, 6 claims
[w1]   ✓ p44 — letter, UNKNOWN, 5 claims
[w2]   ✓ p43 — other, UNKNOWN, 0 claims
[w2]   ✓ p39 — cover-page, UNKNOWN, 0 claims
[w3]   ✓ p48 — report, UNCLASSIFIED, 7 claims
[w3]   ✓ p51 — transcript, UNCLASSIFIED, 11 claims
[w1]   ✓ p42 — letter, UNCLASSIFIED, 3 claims
[w2]   ✓ p40 — diagram, UNKNOWN, 5 claims
[w2]   ✓ p41 — other, UNKNOWN, 0 claims
[w3]   ✓ p47 — report, UNKNOWN, 6 claims
[w4]   ✓ p53 — memo, UNCLASSIFIED, 2 claims
[w2]   ✓ p46 — memo, UNKNOWN, 4 claims
[w4]   ✓ p50 — letter, UNCLASSIFIED, 3 claims
[w1]   ✓ p43 — other, UNKNOWN, 0 claims
[w3]   ✓ p54 — transcript, UNKNOWN, 6 claims
[w3]   ✓ p46 — report, UNCLASSIFIED, 6 claims
[w3]   ✓ p59 — other, UNKNOWN, 2 claims
[w3]   ✓ p57 — blank, UNKNOWN, 0 claims
[w3]   ✓ p55 — report, UNKNOWN, 8 claims
[w3]   ✓ p56 — transcript, UNKNOWN, 7 claims
[w3]   ✓ p58 — other, UNKNOWN, 1 claims
[w1]   ✓ p50 — cover-page, UNKNOWN, 0 claims
[w1]   ✓ p55 — report, SECRET, 4 claims
[w1]   ✓ p49 — report, UNKNOWN, 8 claims
[w3]   ✓ p53 — report, UNKNOWN, 6 claims
[w3]   ✓ p62 — other, UNKNOWN, 0 claims
[w1]   ✓ p41 — letter, UNKNOWN, 5 claims
[w1]   ✓ p56 — memo, SECRET, 7 claims
[w4]   ✓ p60 — form, UNKNOWN, 3 claims
[w2]   ✓ p48 — memo, UNKNOWN, 4 claims
[w3]   ✓ p63 — report, CONFIDENTIAL, 4 claims
[w3]   ✗ p32: No object generated: could not parse the response.
[w3]   ✓ p52 — transcript, UNKNOWN, 11 claims
[w4]   ✓ p57 — memo, CONFIDENTIAL, 2 claims
[w2]   ✓ p51 — other, UNKNOWN, 0 claims
[w4]   ✓ p58 — report, UNCLASSIFIED, 5 claims
[w4]   ✓ p59 — form, UNCLASSIFIED, 3 claims
[w2]   ✓ p44 — letter, UNKNOWN, 8 claims
[w1]   ✓ p51 — memo, UNKNOWN, 7 claims
[w1]   ✓ p57 — form, SECRET, 1 claims
[w3]   ✗ p27: No object generated: could not parse the response.
[w3]   ✓ p60 — memo, UNKNOWN, 4 claims
[w3]   ✓ p61 — form, CONFIDENTIAL, 2 claims
[w4]   ✓ p61 — letter, UNKNOWN, 1 claims
[w3]   ✗ p30: No object generated: could not parse the response.
[w4]   ✓ p62 — cover-page, UNKNOWN, 0 claims
[w4]   ✗ p34: No object generated: could not parse the response.
[w3]   ✓ p66 — transcript, CONFIDENTIAL, 6 claims
[w2]   ✓ p49 — other, UNKNOWN, 0 claims
[w1]   ✓ p53 — memo, SECRET, 4 claims
[w4]   ✓ p64 — other, UNKNOWN, 0 claims
[w1]   ✓ p52 — memo, UNKNOWN, 2 claims
[w3]   ✓ p69 — report, CONFIDENTIAL, 9 claims
[w2]   ✓ p55 — form, UNKNOWN, 1 claims
[w1]   ✓ p54 — report, SECRET, 10 claims
[w4]   ✓ p63 — letter, UNKNOWN, 1 claims
[w4]   ✗ p40: No object generated: could not parse the response.
[w2]   ✓ p50 — memo, UNKNOWN, 2 claims
[w2]   ✓ p54 — memo, UNKNOWN, 3 claims
[w1]   ✓ p58 — memo, CONFIDENTIAL, 2 claims
[w4]   ✓ p70 — memo, UNCLASSIFIED, 3 claims
[w3]   ✓ p68 — report, CONFIDENTIAL, 5 claims
[w4]   ✓ p65 — form, UNKNOWN, 1 claims
[w3]   ✓ p67 — transcript, CONFIDENTIAL, 4 claims
[w2]   ✓ p56 — cover-page, UNKNOWN, 0 claims
[w2]   ✓ p52 — memo, UNKNOWN, 13 claims
[w2]   ✓ p53 — memo, UNCLASSIFIED, 12 claims
[w3]   ✓ p64 — transcript, CONFIDENTIAL, 8 claims
[w3]   ✓ p71 — transcript, CONFIDENTIAL, 6 claims
[w1]   ✓ p62 — memo, UNKNOWN, 6 claims
[w1]   ✓ p61 — form, UNCLASSIFIED, 3 claims
[w3]   ✓ p70 — transcript, CONFIDENTIAL, 4 claims
[w4]   ✓ p69 — report, UNKNOWN, 7 claims
[w4]   ✓ p66 — memo, UNCLASSIFIED, 8 claims
[w4]   ✓ p68 — report, UNKNOWN, 8 claims
[w2]   ✗ p27: No object generated: could not parse the response.
[w3]   ✓ p72 — transcript, CONFIDENTIAL, 7 claims
[w2]   ✓ p62 — cover-page, UNKNOWN, 0 claims
[w1]   ✓ p63 — memo, UNCLASSIFIED, 9 claims
[w1]   ✓ p65 — memo, UNCLASSIFIED, 9 claims
[w1]   ✓ p64 — memo, UNKNOWN, 8 claims
[w3]   ✓ p75 — letter, CONFIDENTIAL, 2 claims
[w2]   ✓ p61 — memo, UNKNOWN, 1 claims
[w3]   ✓ p65 — report, CONFIDENTIAL, 3 claims
[w1]   ✓ p60 — form, UNCLASSIFIED, 2 claims
[w4]   ✓ p42 — other, UNKNOWN, 0 claims
[w2]   ✓ p59 — report, UNKNOWN, 8 claims
[w3]   ✓ p77 — memo, UNCLASSIFIED, 4 claims
[w1]   ✓ p71 — photograph, UNKNOWN, 0 claims
[w2]   ✓ p58 — cover-page, UNKNOWN, 0 claims
[w2]   ✓ p64 — memo, UNCLASSIFIED, 4 claims
[w4]   ✓ p72 — memo, UNKNOWN, 9 claims
[w3]   ✓ p76 — report, CONFIDENTIAL, 8 claims
[w1]   ✓ p69 — report, UNKNOWN, 8 claims
[w2]   ✓ p63 — memo, UNKNOWN, 2 claims
[w1]   ✓ p59 — letter, SECRET, 4 claims
[w3]   ✓ p74 — memo, CONFIDENTIAL, 2 claims
[w1]   ✓ p70 — photograph, UNKNOWN, 0 claims
[w1]   ✓ p66 — report, UNKNOWN, 8 claims
[w3]   ✓ p73 — memo, CONFIDENTIAL, 9 claims
[w4]   ✓ p79 — memo, UNKNOWN, 0 claims
[w4]   ✓ p75 — cover-page, UNKNOWN, 0 claims
[w2]   ✓ p57 — memo, UNKNOWN, 7 claims
[w4]   ✓ p80 — memo, UNCLASSIFIED, 5 claims
[w3]   ✓ p79 — memo, CONFIDENTIAL, 8 claims
[w2]   ✓ p65 — cover-page, UNKNOWN, 0 claims
[w1]   ✓ p68 — memo, UNCLASSIFIED, 10 claims
[w4]   ✓ p78 — memo, UNKNOWN, 6 claims
[w4]   ✓ p73 — memo, UNKNOWN, 4 claims
[w1]   ✓ p72 — memo, UNCLASSIFIED, 5 claims
[w2]   ✓ p68 — memo, UNKNOWN, 7 claims
[w2]   ✓ p69 — memo, UNKNOWN, 10 claims
[w1]   ✓ p67 — photograph, UNKNOWN, 0 claims
[w3]   ✓ p78 — memo, CONFIDENTIAL, 1 claims
[w2]   ✓ p23 — other, UNCLASSIFIED, 3 claims
[w4]   ✓ p76 — memo, UNKNOWN, 11 claims
[w2]   ✓ p72 — letter, UNKNOWN, 4 claims
[w1]   ✓ p77 — cover-page, UNKNOWN, 0 claims
[w1]   ✓ p74 — other, UNKNOWN, 0 claims
[w2]   ✓ p67 — memo, UNKNOWN, 1 claims
[w1]   ✓ p76 — letter, UNCLASSIFIED, 2 claims
[w4]   ✓ p74 — memo, UNKNOWN, 9 claims
[w3]   ✓ p80 — memo, CONFIDENTIAL, 8 claims
[w1]   ✗ p34: No object generated: could not parse the response.
[w3]   ✓ p81 — memo, CONFIDENTIAL, 2 claims
[w2]   ✓ p74 — transcript, UNKNOWN, 5 claims
[w2]   ✓ p76 — blank, UNKNOWN, 0 claims
[w2]   ✓ p66 — memo, UNKNOWN, 2 claims
[w2]   ✓ p70 — letter, UNCLASSIFIED, 3 claims
[w2]   ✓ p75 — memo, UNCLASSIFIED, 6 claims
[w2]   ✓ p73 — letter, UNKNOWN, 4 claims
[w1]   ✓ p73 — letter, UNKNOWN, 3 claims
[w2]   ✓ p80 — other, UNKNOWN, 1 claims
[w2]   ✓ p79 — photograph, UNKNOWN, 0 claims
[w3]   ✓ p84 — memo, CONFIDENTIAL, 12 claims
[w3]   ✓ p88 — memo, UNCLASSIFIED, 5 claims
[w4]   ✗ p49: No object generated: could not parse the response.
[w3]   ✓ p86 — memo, UNCLASSIFIED, 4 claims
[w2]   ✓ p83 — photograph, UNKNOWN, 0 claims
[w2]   ✓ p81 — photograph, UNKNOWN, 0 claims
[w2]   ✓ p84 — other, UNKNOWN, 1 claims
[w3]   ✓ p82 — report, CONFIDENTIAL, 5 claims
[w2]   ✓ p82 — photograph, UNKNOWN, 1 claims
[w2]   ✓ p71 — other, UNKNOWN, 0 claims
[w2]   ✓ p78 — cover-page, UNKNOWN, 1 claims
[w2]   ✓ p77 — cover-page, UNKNOWN, 0 claims
[w2]   ✓ p86 — other, UNKNOWN, 1 claims
[w3]   ✓ p85 — memo, UNKNOWN, 5 claims
[w3]   ✓ p83 — memo, CONFIDENTIAL, 1 claims
[w2]   ✓ p87 — photograph, UNKNOWN, 0 claims
[w2]   ✓ p88 — other, UNKNOWN, 1 claims
[w3]   ✓ p87 — memo, UNKNOWN, 7 claims
[w2]   ✗ p45: No object generated: could not parse the response.
[w2]   ✓ p85 — photograph, UNKNOWN, 0 claims
[w4]   ✗ p51: No object generated: could not parse the response.
[w2]   ✗ p47: No object generated: the model did not return a response.
[w2]   ✓ p89 — photograph, UNKNOWN, 0 claims
[w2]   ✓ p90 — photograph, UNKNOWN, 1 claims
[w1]   ✓ p80 — report, UNCLASSIFIED, 9 claims
[w4]   ✓ p82 — memo, UNCLASSIFIED, 6 claims
[w1]   ✓ p79 — other, UNCLASSIFIED, 5 claims
[w1]   ✓ p78 — cover-page, UNKNOWN, 0 claims
[w2]   ✓ p92 — memo, UNCLASSIFIED, 2 claims
[w4]   ✓ p83 — memo, UNKNOWN, 3 claims
[w2]   ✓ p93 — other, UNKNOWN, 0 claims
[w4]   ✓ p86 — memo, UNKNOWN, 4 claims
[w1]   ✓ p88 — other, UNCLASSIFIED, 6 claims
[w3]   ✓ p96 — cover-page, UNKNOWN, 0 claims
[w2]   ✓ p96 — memo, UNCLASSIFIED, 3 claims
[w1]   ✓ p85 — report, UNCLASSIFIED, 7 claims
[w2]   ✓ p95 — memo, UNKNOWN, 6 claims
[w1]   ✓ p82 — other, UNCLASSIFIED, 9 claims
[w3]   ✓ p95 — memo, UNKNOWN, 2 claims
[w2]   ✓ p91 — memo, UNKNOWN, 1 claims
[w2]   ✓ p94 — memo, UNCLASSIFIED, 8 claims
[w3]   ✓ p94 — memo, UNCLASSIFIED, 8 claims
[w1]   ✓ p86 — report, UNCLASSIFIED, 9 claims
[w1]   ✓ p83 — other, UNCLASSIFIED, 7 claims
[w3]   ✓ p92 — memo, UNCLASSIFIED, 6 claims
[w3]   ✓ p93 — memo, UNKNOWN, 6 claims
[w4]   ✓ p87 — report, UNKNOWN, 5 claims
[w3]   ✓ p89 — memo, UNCLASSIFIED, 11 claims
[w1]   ✓ p95 — letter, UNCLASSIFIED, 1 claims
[w1]   ✓ p87 — report, UNCLASSIFIED, 9 claims
[w1]   ✓ p81 — other, UNCLASSIFIED, 7 claims
[w1]   ✓ p84 — report, UNCLASSIFIED, 6 claims
[w2]   ✓ p103 — other, UNKNOWN, 0 claims
[w4]   ✓ p88 — memo, UNKNOWN, 7 claims
[w1]   ✓ p96 — letter, UNKNOWN, 1 claims
[w2]   ✓ p99 — memo, UNKNOWN, 1 claims
[w2]   ✓ p97 — other, UNKNOWN, 0 claims
[w2]   ✓ p100 — letter, UNCLASSIFIED, 7 claims
[w4]   ✓ p90 — memo, UNCLASSIFIED, 3 claims
[w4]   ✓ p84 — memo, CONFIDENTIAL, 7 claims
[w4]   ✓ p92 — memo, UNKNOWN, 3 claims
[w2]   ✓ p104 — letter, UNKNOWN, 2 claims
[w3]   ✓ p101 — letter, UNKNOWN, 2 claims
[w2]   ✓ p101 — letter, UNCLASSIFIED, 6 claims
[w3]   ✓ p91 — memo, UNKNOWN, 11 claims
[w3]   ✓ p98 — other, UNKNOWN, 0 claims
[w3]   ✓ p104 — report, UNKNOWN, 5 claims
[w4]   ✓ p94 — cover-page, UNKNOWN, 0 claims
[w2]   ✓ p102 — memo, UNKNOWN, 4 claims
[w4]   ✓ p93 — blank, UNKNOWN, 0 claims
[w4]   ✗ p71: No object generated: could not parse the response.
[w4]   ✓ p91 — memo, UNKNOWN, 5 claims
[w3]   ✓ p97 — other, UNKNOWN, 2 claims
[w3]   ✓ p102 — letter, UNCLASSIFIED, 7 claims
[w4]   ✓ p89 — memo, UNCLASSIFIED, 6 claims
[w3]   ✓ p100 — letter, UNKNOWN, 8 claims
[w4]   ✓ p100 — cover-page, UNKNOWN, 0 claims
[w4]   ✗ p67: No object generated: could not parse the response.
[w2]   ✓ p98 — letter, UNCLASSIFIED, 2 claims
[w4]   ✓ p95 — transcript, UNKNOWN, 4 claims
[w2]   ✓ p105 — other, UNKNOWN, 0 claims
[w1]   ✓ p93 — report, UNCLASSIFIED, 9 claims
[w3]   ✓ p99 — letter, UNKNOWN, 8 claims
[w1]   ✓ p94 — letter, UNCLASSIFIED, 4 claims
[w1]   ✓ p98 — other, UNKNOWN, 0 claims
[w1]   ✓ p101 — memo, UNCLASSIFIED, 4 claims
[w2]   ✓ p22 — diagram, UNKNOWN, 0 claims
